<?xml version="1.0" encoding="UTF-8"?>
<testng-results skipped="0" failed="0" ignored="0" total="2" passed="2">
  <reporter-output>
  </reporter-output>
  <suite name="Default suite" duration-ms="13287" started-at="2021-08-29T01:29:27Z" finished-at="2021-08-29T01:29:40Z">
    <groups>
    </groups>
    <test name="Default test" duration-ms="13287" started-at="2021-08-29T01:29:27Z" finished-at="2021-08-29T01:29:40Z">
      <class name="com.test.qa.testcases.AmazonOrderTest">
        <test-method status="PASS" signature="setUp()[pri:0, instance:com.test.qa.testcases.AmazonOrderTest@6f7fd0e6]" name="setUp" is-config="true" duration-ms="6076" started-at="2021-08-29T11:29:27Z" finished-at="2021-08-29T11:29:33Z">
          <reporter-output>
          </reporter-output>
        </test-method> <!-- setUp -->
        <test-method status="PASS" signature="loginPageTitleTest()[pri:1, instance:com.test.qa.testcases.AmazonOrderTest@6f7fd0e6]" name="loginPageTitleTest" duration-ms="255" started-at="2021-08-29T11:29:33Z" finished-at="2021-08-29T11:29:33Z">
          <reporter-output>
          </reporter-output>
        </test-method> <!-- loginPageTitleTest -->
        <test-method status="PASS" signature="enterMobilePhoneOnSearchBoxAndClickEnter()[pri:2, instance:com.test.qa.testcases.AmazonOrderTest@6f7fd0e6]" name="enterMobilePhoneOnSearchBoxAndClickEnter" duration-ms="5847" started-at="2021-08-29T11:29:33Z" finished-at="2021-08-29T11:29:39Z">
          <reporter-output>
          </reporter-output>
        </test-method> <!-- enterMobilePhoneOnSearchBoxAndClickEnter -->
        <test-method status="PASS" signature="tearDown()[pri:0, instance:com.test.qa.testcases.AmazonOrderTest@6f7fd0e6]" name="tearDown" is-config="true" duration-ms="1071" started-at="2021-08-29T11:29:39Z" finished-at="2021-08-29T11:29:40Z">
          <reporter-output>
          </reporter-output>
        </test-method> <!-- tearDown -->
      </class> <!-- com.test.qa.testcases.AmazonOrderTest -->
    </test> <!-- Default test -->
  </suite> <!-- Default suite -->
</testng-results>
