<?xml version="1.0" encoding="UTF-8"?>
<!-- Generated by org.testng.reporters.JUnitXMLReporter -->
<testsuite hostname="DESKTOP-645NAMT" ignored="0" name="Default test" tests="2" failures="0" timestamp="29 Aug 2021 01:29:40 GMT" time="13.287" errors="0">
  <testcase name="loginPageTitleTest" time="0.255" classname="com.test.qa.testcases.AmazonOrderTest"/>
  <testcase name="enterMobilePhoneOnSearchBoxAndClickEnter" time="5.847" classname="com.test.qa.testcases.AmazonOrderTest"/>
</testsuite> <!-- Default test -->
