<?xml version="1.0" encoding="UTF-8"?>
<!-- Generated by org.testng.reporters.JUnitXMLReporter -->
<testsuite hostname="DESKTOP-645NAMT" ignored="0" name="Free CRM App Test Cases" tests="2" failures="0" timestamp="29 Aug 2021 01:11:06 GMT" time="34.884" errors="0">
  <testcase name="loginPageTitleTest" time="0.324" classname="com.test.qa.testcases.AmazonOrderTest"/>
  <testcase name="enterMobilePhoneOnSearchBox" time="20.505" classname="com.test.qa.testcases.AmazonOrderTest"/>
</testsuite> <!-- Free CRM App Test Cases -->
